#Build: Fabric Configuration 2020.3, Build 62942, Sep 29 13:34 2020
#Install: D:\software_kits\PGL22G\PDS_2020.3\bin
#Application name: cdt_cfg.exe
#OS: Windows 10 10.0.19044
#Hostname: kickassWT
Generated by Fabric Configuration (version 2020.3 build 62942) at Thu Nov 10 14:16:58 2022
Connecting to server[127.0.0.1 : 65420].
Connect to server[127.0.0.1 : 65420] successfully.
COMMAND[check version information] execute successfully, takes 0.1 secs.
The cable List : 
Cable index 0:USB Cable II/fffffffffffffffe 

COMMAND[get_cable_paras] execute successfully, takes 0.9 secs.
PANGO USB CABLE II cable driver: D2XX DLL
COMMAND[Open config cable] execute successfully, takes 2.4 secs.
The Start Address of bit file D:/DOING/00-GRAD/02-proj/07-FPGA_contest/UniRISCV_final/generate_bitstream/soc_tcm.sbit: 0x0
COMMAND[Scan Outer SPI Flash] execute successfully, takes 1.7 secs.
The start address of operating flash is 0x0.
COMMAND[Erase Outer Flash] execute successfully, takes 4.2 secs.
The start address of operating flash is 0x0.
COMMAND[Program Outer Flash] execute successfully, takes 12.3 secs.
The start address of operating flash is 0x0.
COMMAND[Verify Outer Flash] execute successfully, takes 1.2 secs.
